<?xml version="1.0" encoding="UTF-8"?>
<!-- Generated by org.testng.reporters.JUnitReportReporter -->
<testsuite skipped="0" hostname="MDTR10" name="com.maveric.test.MavericConnectTest" tests="1" failures="0" timestamp="12 Mar 2019 05:49:56 GMT" time="15.561" errors="0">
  <testcase name="positiveCredentialCheck" time="15.561" classname="com.maveric.test.MavericConnectTest"/>
</testsuite> <!-- com.maveric.test.MavericConnectTest -->
